TN:
SF:src\services\slices\constructorSlice.ts
FN:24,moveIngredient
FN:40,addConstructorItem
FN:56,removeConstructorItem
FN:62,deleteConstructorItems
FN:69,selectConstructorItems
FNF:5
FNH:4
FNDA:3,moveIngredient
FNDA:5,addConstructorItem
FNDA:3,removeConstructorItem
FNDA:1,deleteConstructorItems
FNDA:0,selectConstructorItems
DA:1,1
DA:2,1
DA:3,1
DA:4,1
DA:5,1
DA:6,1
DA:7,1
DA:8,1
DA:9,1
DA:10,1
DA:11,1
DA:12,1
DA:13,1
DA:14,1
DA:15,1
DA:16,1
DA:17,1
DA:18,1
DA:19,1
DA:20,1
DA:21,1
DA:22,1
DA:23,1
DA:24,1
DA:25,3
DA:26,3
DA:27,3
DA:28,3
DA:29,3
DA:30,3
DA:31,3
DA:32,3
DA:33,3
DA:34,3
DA:35,3
DA:36,2
DA:37,2
DA:38,2
DA:39,1
DA:40,1
DA:41,5
DA:42,5
DA:43,5
DA:44,5
DA:45,5
DA:46,2
DA:47,2
DA:48,2
DA:49,5
DA:50,5
DA:51,2
DA:52,2
DA:53,2
DA:54,5
DA:55,1
DA:56,1
DA:57,3
DA:58,3
DA:59,3
DA:60,3
DA:61,1
DA:62,1
DA:63,1
DA:64,1
DA:65,1
DA:66,1
DA:67,1
DA:68,1
DA:69,1
DA:70,0
DA:71,1
DA:72,1
DA:73,1
DA:74,1
DA:75,1
DA:76,1
DA:77,1
DA:78,1
DA:79,1
DA:80,1
LF:80
LH:79
BRDA:24,0,0,3
BRDA:35,1,0,2
BRDA:40,2,0,5
BRDA:45,3,0,2
BRDA:49,4,0,1
BRDA:50,5,0,2
BRDA:56,6,0,3
BRDA:59,7,0,4
BRDA:62,8,0,1
BRF:9
BRH:9
end_of_record
TN:
SF:src\services\slices\feedSlice.ts
FN:37,extraReducers
FN:60,selectFeedRequest
FN:63,selectFeedOrders
FN:65,selectTotal
FN:67,selectTotalToday
FNF:5
FNH:5
FNDA:2,extraReducers
FNDA:1,selectFeedRequest
FNDA:1,selectFeedOrders
FNDA:1,selectTotal
FNDA:1,selectTotalToday
DA:1,1
DA:2,1
DA:3,1
DA:4,1
DA:5,1
DA:6,1
DA:7,1
DA:8,1
DA:9,1
DA:10,1
DA:11,1
DA:12,1
DA:13,1
DA:14,1
DA:15,1
DA:16,1
DA:17,1
DA:18,1
DA:19,1
DA:20,1
DA:21,1
DA:22,1
DA:23,1
DA:24,3
DA:25,3
DA:26,3
DA:27,3
DA:28,3
DA:29,3
DA:30,3
DA:31,1
DA:32,1
DA:33,1
DA:34,1
DA:35,1
DA:36,1
DA:37,1
DA:38,2
DA:39,2
DA:40,3
DA:41,3
DA:42,2
DA:43,2
DA:44,1
DA:45,1
DA:46,2
DA:47,2
DA:48,2
DA:49,2
DA:50,1
DA:51,1
DA:52,1
DA:53,1
DA:54,2
DA:55,2
DA:56,1
DA:57,1
DA:58,1
DA:59,1
DA:60,1
DA:61,1
DA:62,1
DA:63,1
DA:64,1
DA:65,1
DA:66,1
DA:67,1
DA:68,1
LF:68
LH:68
BRDA:23,0,0,3
BRDA:37,1,0,2
BRDA:39,2,0,3
BRDA:43,3,0,1
BRDA:49,4,0,1
BRDA:60,5,0,1
BRDA:63,6,0,1
BRDA:65,7,0,1
BRDA:67,8,0,1
BRF:9
BRH:9
end_of_record
TN:
SF:src\services\slices\index.ts
FNF:0
FNH:0
DA:1,1
DA:2,1
DA:3,1
DA:4,1
DA:5,1
LF:5
LH:5
BRF:0
BRH:0
end_of_record
TN:
SF:src\services\slices\ingredientsSlice.ts
FN:31,extraReducers
FN:52,selectLoadingState
FN:54,selectIngredientList
FNF:3
FNH:3
FNDA:2,extraReducers
FNDA:1,selectLoadingState
FNDA:1,selectIngredientList
DA:1,1
DA:2,1
DA:3,1
DA:4,1
DA:5,1
DA:6,1
DA:7,1
DA:8,1
DA:9,1
DA:10,1
DA:11,1
DA:12,1
DA:13,1
DA:14,1
DA:15,1
DA:16,1
DA:17,1
DA:18,1
DA:19,1
DA:20,3
DA:21,3
DA:22,3
DA:23,3
DA:24,3
DA:25,3
DA:26,1
DA:27,1
DA:28,1
DA:29,1
DA:30,1
DA:31,1
DA:32,2
DA:33,2
DA:34,3
DA:35,3
DA:36,2
DA:37,2
DA:38,2
DA:39,2
DA:40,1
DA:41,1
DA:42,1
DA:43,2
DA:44,2
DA:45,1
DA:46,1
DA:47,2
DA:48,2
DA:49,1
DA:50,1
DA:51,1
DA:52,1
DA:53,1
DA:54,1
DA:55,1
DA:56,1
LF:56
LH:56
BRDA:19,0,0,3
BRDA:21,1,0,2
BRDA:31,2,0,2
BRDA:33,3,0,3
BRDA:39,4,0,1
BRDA:44,5,0,1
BRDA:52,6,0,1
BRDA:54,7,0,1
BRF:8
BRH:8
end_of_record
TN:
SF:src\services\slices\orderSlice.ts
FN:33,deleteOrderModal
FN:37,extraReducers
FN:61,selectOrderRequest
FN:63,selectOrderModalData
FNF:4
FNH:4
FNDA:1,deleteOrderModal
FNDA:2,extraReducers
FNDA:1,selectOrderRequest
FNDA:1,selectOrderModalData
DA:1,1
DA:2,1
DA:3,1
DA:4,1
DA:5,1
DA:6,1
DA:7,1
DA:8,1
DA:9,1
DA:10,1
DA:11,1
DA:12,1
DA:13,1
DA:14,1
DA:15,1
DA:16,1
DA:17,1
DA:18,1
DA:19,1
DA:20,3
DA:21,3
DA:22,3
DA:23,3
DA:24,3
DA:25,3
DA:26,3
DA:27,1
DA:28,1
DA:29,1
DA:30,1
DA:31,1
DA:32,1
DA:33,1
DA:34,1
DA:35,1
DA:36,1
DA:37,1
DA:38,2
DA:39,2
DA:40,3
DA:41,3
DA:42,2
DA:43,2
DA:44,1
DA:45,1
DA:46,2
DA:47,2
DA:48,2
DA:49,2
DA:50,1
DA:51,1
DA:52,1
DA:53,1
DA:54,2
DA:55,2
DA:56,1
DA:57,1
DA:58,1
DA:59,1
DA:60,1
DA:61,1
DA:62,1
DA:63,1
DA:64,1
LF:64
LH:64
BRDA:19,0,0,3
BRDA:33,1,0,1
BRDA:37,2,0,2
BRDA:39,3,0,3
BRDA:43,4,0,1
BRDA:49,5,0,1
BRDA:61,6,0,1
BRDA:63,7,0,1
BRF:8
BRH:8
end_of_record
TN:
SF:src\services\slices\userSlice.ts
FN:131,setUserData
FN:136,clearUserData
FN:141,clearUserError
FN:145,extraReducers
FN:237,selectIsAuthenticated
FN:239,selectUser
FN:240,selectUserError
FN:242,selectIsLoading
FN:244,selectUserOrders
FNF:9
FNH:9
FNDA:6,setUserData
FNDA:1,clearUserData
FNDA:2,clearUserError
FNDA:2,extraReducers
FNDA:3,selectIsAuthenticated
FNDA:1,selectUser
FNDA:2,selectUserError
FNDA:2,selectIsLoading
FNDA:1,selectUserOrders
DA:1,1
DA:2,1
DA:3,1
DA:4,1
DA:5,1
DA:6,1
DA:7,1
DA:8,1
DA:9,1
DA:10,1
DA:11,1
DA:12,1
DA:13,1
DA:14,1
DA:15,1
DA:16,1
DA:17,1
DA:18,1
DA:19,1
DA:20,1
DA:21,1
DA:22,1
DA:23,1
DA:24,1
DA:25,1
DA:26,1
DA:27,1
DA:28,1
DA:29,1
DA:30,1
DA:31,1
DA:32,1
DA:33,1
DA:34,1
DA:35,1
DA:36,1
DA:37,1
DA:38,1
DA:39,6
DA:40,6
DA:41,6
DA:42,6
DA:43,6
DA:44,6
DA:45,6
DA:46,6
DA:47,6
DA:48,1
DA:49,1
DA:50,1
DA:51,1
DA:52,1
DA:53,1
DA:54,1
DA:55,1
DA:56,1
DA:57,1
DA:58,1
DA:59,1
DA:60,1
DA:61,1
DA:62,1
DA:63,1
DA:64,2
DA:65,2
DA:66,2
DA:67,2
DA:68,2
DA:69,2
DA:70,1
DA:71,1
DA:72,1
DA:73,1
DA:74,1
DA:75,0
DA:76,0
DA:77,0
DA:78,0
DA:79,0
DA:80,0
DA:81,1
DA:82,1
DA:83,1
DA:84,1
DA:85,1
DA:86,0
DA:87,0
DA:88,0
DA:89,0
DA:90,0
DA:91,0
DA:92,1
DA:93,1
DA:94,1
DA:95,1
DA:96,1
DA:97,0
DA:98,0
DA:99,0
DA:100,0
DA:101,0
DA:102,0
DA:103,1
DA:104,1
DA:105,1
DA:106,1
DA:107,1
DA:108,1
DA:109,1
DA:110,1
DA:111,1
DA:112,1
DA:113,1
DA:114,1
DA:115,1
DA:116,1
DA:117,1
DA:118,1
DA:119,2
DA:120,2
DA:121,2
DA:122,2
DA:123,2
DA:124,2
DA:125,1
DA:126,1
DA:127,1
DA:128,1
DA:129,1
DA:130,1
DA:131,1
DA:132,6
DA:133,6
DA:134,6
DA:135,1
DA:136,1
DA:137,1
DA:138,1
DA:139,1
DA:140,1
DA:141,1
DA:142,2
DA:143,2
DA:144,1
DA:145,1
DA:146,2
DA:147,2
DA:148,6
DA:149,6
DA:150,2
DA:151,2
DA:152,2
DA:153,2
DA:154,2
DA:155,2
DA:156,2
DA:157,2
DA:158,2
DA:159,2
DA:160,2
DA:161,2
DA:162,2
DA:163,2
DA:164,1
DA:165,2
DA:166,2
DA:167,1
DA:168,1
DA:169,1
DA:170,1
DA:171,1
DA:172,2
DA:173,2
DA:174,0
DA:175,0
DA:176,0
DA:177,2
DA:178,2
DA:179,2
DA:180,2
DA:181,2
DA:182,1
DA:183,1
DA:184,1
DA:185,1
DA:186,1
DA:187,2
DA:188,2
DA:189,1
DA:190,1
DA:191,1
DA:192,2
DA:193,2
DA:194,0
DA:195,2
DA:196,2
DA:197,0
DA:198,0
DA:199,2
DA:200,2
DA:201,0
DA:202,0
DA:203,0
DA:204,2
DA:205,2
DA:206,2
DA:207,2
DA:208,2
DA:209,2
DA:210,2
DA:211,2
DA:212,2
DA:213,0
DA:214,0
DA:215,0
DA:216,2
DA:217,2
DA:218,1
DA:219,2
DA:220,2
DA:221,0
DA:222,0
DA:223,0
DA:224,2
DA:225,2
DA:226,1
DA:227,1
DA:228,1
DA:229,2
DA:230,2
DA:231,1
DA:232,1
DA:233,1
DA:234,1
DA:235,1
DA:236,1
DA:237,1
DA:238,3
DA:239,1
DA:240,1
DA:241,2
DA:242,1
DA:243,2
DA:244,1
DA:245,1
LF:245
LH:212
BRDA:38,0,0,6
BRDA:45,1,0,0
BRDA:52,2,0,1
BRDA:54,3,0,1
BRDA:63,4,0,2
BRDA:65,5,0,2
BRDA:67,6,0,0
BRDA:107,7,0,1
BRDA:109,8,0,1
BRDA:118,9,0,2
BRDA:120,10,0,2
BRDA:131,11,0,6
BRDA:136,12,0,1
BRDA:141,13,0,2
BRDA:145,14,0,2
BRDA:147,15,0,6
BRDA:151,16,0,2
BRDA:158,17,0,2
BRDA:161,18,0,0
BRDA:163,19,0,1
BRDA:166,20,0,1
BRDA:178,21,0,2
BRDA:181,22,0,1
BRDA:188,23,0,1
BRDA:191,24,0,0
BRDA:205,25,0,2
BRDA:208,26,0,2
BRDA:217,27,0,1
BRDA:225,28,0,1
BRDA:237,29,0,3
BRDA:239,30,0,1
BRDA:240,31,0,2
BRDA:242,32,0,2
BRDA:244,33,0,1
BRF:34
BRH:30
end_of_record
TN:
SF:src\services\slices\tests\mockData\mockData.ts
FNF:0
FNH:0
DA:1,1
DA:2,1
DA:3,1
DA:4,1
DA:5,1
DA:6,1
DA:7,1
DA:8,1
DA:9,1
DA:10,1
DA:11,1
DA:12,1
DA:13,1
DA:14,1
DA:15,1
DA:16,1
DA:17,1
DA:18,1
DA:19,1
DA:20,1
DA:21,1
DA:22,1
DA:23,1
DA:24,1
DA:25,1
DA:26,1
DA:27,1
DA:28,1
DA:29,1
DA:30,1
DA:31,1
DA:32,1
DA:33,1
DA:34,1
DA:35,1
DA:36,1
DA:37,1
DA:38,1
DA:39,1
DA:40,1
DA:41,1
DA:42,1
DA:43,1
DA:44,1
DA:45,1
DA:46,1
DA:47,1
DA:48,1
DA:49,1
DA:50,1
DA:51,1
DA:52,1
DA:53,1
DA:54,1
DA:55,1
DA:56,1
DA:57,1
DA:58,1
DA:59,1
DA:60,1
DA:61,1
DA:62,1
DA:63,1
DA:64,1
DA:65,1
DA:66,1
DA:67,1
DA:68,1
DA:69,1
DA:70,1
DA:71,1
DA:72,1
DA:73,1
DA:74,1
DA:75,1
DA:76,1
DA:77,1
DA:78,1
DA:79,1
DA:80,1
DA:81,1
DA:82,1
DA:83,1
DA:84,1
DA:85,1
DA:86,1
DA:87,1
DA:88,1
DA:89,1
DA:90,1
DA:91,1
DA:92,1
DA:93,1
DA:94,1
DA:95,1
DA:96,1
DA:97,1
DA:98,1
DA:99,1
DA:100,1
DA:101,1
DA:102,1
DA:103,1
DA:104,1
DA:105,1
DA:106,1
DA:107,1
DA:108,1
DA:109,1
DA:110,1
DA:111,1
DA:112,1
DA:113,1
DA:114,1
DA:115,1
DA:116,1
DA:117,1
DA:118,1
DA:119,1
DA:120,1
DA:121,1
DA:122,1
DA:123,1
DA:124,1
DA:125,1
DA:126,1
DA:127,1
DA:128,1
DA:129,1
DA:130,1
DA:131,1
DA:132,1
DA:133,1
DA:134,1
DA:135,1
DA:136,1
DA:137,1
DA:138,1
DA:139,1
DA:140,1
DA:141,1
DA:142,1
DA:143,1
DA:144,1
DA:145,1
DA:146,1
DA:147,1
DA:148,1
DA:149,1
DA:150,1
DA:151,1
DA:152,1
DA:153,1
DA:154,1
DA:155,1
DA:156,1
DA:157,1
DA:158,1
DA:159,1
DA:160,1
DA:161,1
LF:161
LH:161
BRF:0
BRH:0
end_of_record
